"F:/Unreal Engine Projects/Group23 Git/Group23/Content/Temp_Textures/Hospital-sprites/right-wall.uasset" 0
"F:/Unreal Engine Projects/Group23 Git/Group23/Content/Temp_Textures/Hospital-sprites/right-wall.uexp" 1
"F:/Unreal Engine Projects/Group23 Git/Group23/Content/Temp_Textures/M_RightWall.uasset" 2
"F:/Unreal Engine Projects/Group23 Git/Group23/Content/Temp_Textures/M_RightWall.uexp" 3
"F:/Unreal Engine Projects/Group23 Git/Group23/Content/Temp_Textures/Hospital-sprites/left-wall.uasset" 4
"F:/Unreal Engine Projects/Group23 Git/Group23/Content/Temp_Textures/Hospital-sprites/left-wall.uexp" 5
"F:/Unreal Engine Projects/Group23 Git/Group23/Content/Temp_Textures/M_LeftWall.uasset" 6
"F:/Unreal Engine Projects/Group23 Git/Group23/Content/Temp_Textures/M_LeftWall.uexp" 7
"F:/Unreal Engine Projects/Group23 Git/Group23/Content/Temp_Textures/Hospital-sprites/back-walll.uasset" 8
"F:/Unreal Engine Projects/Group23 Git/Group23/Content/Temp_Textures/Hospital-sprites/back-walll.uexp" 9
"F:/Unreal Engine Projects/Group23 Git/Group23/Content/Temp_Textures/M_HospitalBack.uasset" 10
"F:/Unreal Engine Projects/Group23 Git/Group23/Content/Temp_Textures/M_HospitalBack.uexp" 11
"F:/Unreal Engine Projects/Group23 Git/Group23/Content/Temp_Textures/Hospital-sprites/floor.uasset" 12
"F:/Unreal Engine Projects/Group23 Git/Group23/Content/Temp_Textures/Hospital-sprites/floor.uexp" 13
"F:/Unreal Engine Projects/Group23 Git/Group23/Content/Temp_Textures/M_Floor.uasset" 14
"F:/Unreal Engine Projects/Group23 Git/Group23/Content/Temp_Textures/M_Floor.uexp" 15
"F:/Unreal Engine Projects/Group23 Git/Group23/Content/Temp_Textures/Hospital-sprites/desk.uasset" 16
"F:/Unreal Engine Projects/Group23 Git/Group23/Content/Temp_Textures/Hospital-sprites/desk.uexp" 17
"F:/Unreal Engine Projects/Group23 Git/Group23/Content/Temp_Textures/M_Desk.uasset" 18
"F:/Unreal Engine Projects/Group23 Git/Group23/Content/Temp_Textures/M_Desk.uexp" 19
"F:/Unreal Engine Projects/Group23 Git/Group23/Content/Bradley/iMAGES/speech_box.uasset" 20
"F:/Unreal Engine Projects/Group23 Git/Group23/Content/Bradley/iMAGES/speech_box.uexp" 21
"F:/Unreal Engine Projects/Group23 Git/Group23/Content/Bradley/Text2.uasset" 22
"F:/Unreal Engine Projects/Group23 Git/Group23/Content/Bradley/Text2.uexp" 23
"F:/Unreal Engine Projects/Group23 Git/Group23/Content/Bradley/iMAGES/Untitled-1__5__copy.uasset" 24
"F:/Unreal Engine Projects/Group23 Git/Group23/Content/Bradley/iMAGES/Untitled-1__5__copy.uexp" 25
"F:/Unreal Engine Projects/Group23 Git/Group23/Content/Bradley/iMAGES/moles_copy.uasset" 26
"F:/Unreal Engine Projects/Group23 Git/Group23/Content/Bradley/iMAGES/moles_copy.uexp" 27
"F:/Unreal Engine Projects/Group23 Git/Group23/Content/Patient/BP_PatientController.uasset" 28
"F:/Unreal Engine Projects/Group23 Git/Group23/Content/Patient/BP_PatientController.uexp" 29
"F:/Unreal Engine Projects/Group23 Git/Group23/Content/Patient/CANCER_TYPES.uasset" 30
"F:/Unreal Engine Projects/Group23 Git/Group23/Content/Patient/CANCER_TYPES.uexp" 31
"F:/Unreal Engine Projects/Group23 Git/Group23/Content/Bradley/iMAGES/Mole.uasset" 32
"F:/Unreal Engine Projects/Group23 Git/Group23/Content/Bradley/iMAGES/Mole.uexp" 33
"F:/Unreal Engine Projects/Group23 Git/Group23/Content/Bradley/Text.uasset" 34
"F:/Unreal Engine Projects/Group23 Git/Group23/Content/Bradley/Text.uexp" 35
"../../../Engine/Content/EditorBlueprintResources/StandardMacros.uasset" 36
"../../../Engine/Content/EditorBlueprintResources/StandardMacros.uexp" 37
"F:/Unreal Engine Projects/Group23 Git/Group23/Content/Bradley/Mini.uasset" 38
"F:/Unreal Engine Projects/Group23 Git/Group23/Content/Bradley/Mini.uexp" 39
"../../../Engine/Content/BasicShapes/BasicShapeMaterial.uasset" 40
"../../../Engine/Content/BasicShapes/BasicShapeMaterial.uexp" 41
"../../../Engine/Content/EngineMaterials/T_Default_Material_Grid_M.ubulk" 42
"../../../Engine/Content/EngineMaterials/T_Default_Material_Grid_M.uasset" 43
"../../../Engine/Content/EngineMaterials/T_Default_Material_Grid_M.uexp" 44
"../../../Engine/Content/EngineMaterials/T_Default_Material_Grid_N.ubulk" 45
"../../../Engine/Content/EngineMaterials/T_Default_Material_Grid_N.uasset" 46
"../../../Engine/Content/EngineMaterials/T_Default_Material_Grid_N.uexp" 47
"../../../Engine/Content/Functions/Engine_MaterialFunctions01/Opacity/CameraDepthFade.uasset" 48
"../../../Engine/Content/Functions/Engine_MaterialFunctions01/Opacity/CameraDepthFade.uexp" 49
"../../../Engine/Content/EngineMaterials/WorldGridMaterial.uasset" 50
"../../../Engine/Content/EngineMaterials/WorldGridMaterial.uexp" 51
"../../../Engine/Content/BasicShapes/Plane.ubulk" 52
"../../../Engine/Content/BasicShapes/Plane.uasset" 53
"../../../Engine/Content/BasicShapes/Plane.uexp" 54
"F:/Unreal Engine Projects/Group23 Git/Group23/Content/Temp_Textures/Textures/speech_box.uasset" 55
"F:/Unreal Engine Projects/Group23 Git/Group23/Content/Temp_Textures/Textures/speech_box.uexp" 56
"F:/Unreal Engine Projects/Group23 Git/Group23/Content/Temp_Textures/Textures/windowsxp.uasset" 57
"F:/Unreal Engine Projects/Group23 Git/Group23/Content/Temp_Textures/Textures/windowsxp.uexp" 58
"F:/Unreal Engine Projects/Group23 Git/Group23/Content/UI/WBP_Main.uasset" 59
"F:/Unreal Engine Projects/Group23 Git/Group23/Content/UI/WBP_Main.uexp" 60
"F:/Unreal Engine Projects/Group23 Git/Group23/Content/BP_Player.uasset" 61
"F:/Unreal Engine Projects/Group23 Git/Group23/Content/BP_Player.uexp" 62
"F:/Unreal Engine Projects/Group23 Git/Group23/Content/Patient/BP_PatientBase.uasset" 63
"F:/Unreal Engine Projects/Group23 Git/Group23/Content/Patient/BP_PatientBase.uexp" 64
"F:/Unreal Engine Projects/Group23 Git/Group23/Content/Temp_Textures/Textures/GP_Screen_Bethany.uasset" 65
"F:/Unreal Engine Projects/Group23 Git/Group23/Content/Temp_Textures/Textures/GP_Screen_Bethany.uexp" 66
"F:/Unreal Engine Projects/Group23 Git/Group23/Content/Temp_Textures/M_BethGP.uasset" 67
"F:/Unreal Engine Projects/Group23 Git/Group23/Content/Temp_Textures/M_BethGP.uexp" 68
"F:/Unreal Engine Projects/Group23 Git/Group23/Content/Temp_Textures/Textures/Beth-02.uasset" 69
"F:/Unreal Engine Projects/Group23 Git/Group23/Content/Temp_Textures/Textures/Beth-02.uexp" 70
"F:/Unreal Engine Projects/Group23 Git/Group23/Content/Temp_Textures/Mat_Beth.uasset" 71
"F:/Unreal Engine Projects/Group23 Git/Group23/Content/Temp_Textures/Mat_Beth.uexp" 72
"F:/Unreal Engine Projects/Group23 Git/Group23/Content/Temp_Textures/Textures/GP_Screen_Melody.uasset" 73
"F:/Unreal Engine Projects/Group23 Git/Group23/Content/Temp_Textures/Textures/GP_Screen_Melody.uexp" 74
"F:/Unreal Engine Projects/Group23 Git/Group23/Content/Temp_Textures/M_MelodyGP.uasset" 75
"F:/Unreal Engine Projects/Group23 Git/Group23/Content/Temp_Textures/M_MelodyGP.uexp" 76
"F:/Unreal Engine Projects/Group23 Git/Group23/Content/Temp_Textures/Textures/Melody-02.uasset" 77
"F:/Unreal Engine Projects/Group23 Git/Group23/Content/Temp_Textures/Textures/Melody-02.uexp" 78
"F:/Unreal Engine Projects/Group23 Git/Group23/Content/Temp_Textures/Mat_Melody.uasset" 79
"F:/Unreal Engine Projects/Group23 Git/Group23/Content/Temp_Textures/Mat_Melody.uexp" 80
"F:/Unreal Engine Projects/Group23 Git/Group23/Content/Patient/BP_Patient1.uasset" 81
"F:/Unreal Engine Projects/Group23 Git/Group23/Content/Patient/BP_Patient1.uexp" 82
"F:/Unreal Engine Projects/Group23 Git/Group23/Content/Temp_Textures/Textures/Brian-02.uasset" 83
"F:/Unreal Engine Projects/Group23 Git/Group23/Content/Temp_Textures/Textures/Brian-02.uexp" 84
"F:/Unreal Engine Projects/Group23 Git/Group23/Content/Temp_Textures/Mat_Brian.uasset" 85
"F:/Unreal Engine Projects/Group23 Git/Group23/Content/Temp_Textures/Mat_Brian.uexp" 86
"F:/Unreal Engine Projects/Group23 Git/Group23/Content/Temp_Textures/Textures/GP_Screen_Brian.uasset" 87
"F:/Unreal Engine Projects/Group23 Git/Group23/Content/Temp_Textures/Textures/GP_Screen_Brian.uexp" 88
"F:/Unreal Engine Projects/Group23 Git/Group23/Content/Temp_Textures/M_BrianGP.uasset" 89
"F:/Unreal Engine Projects/Group23 Git/Group23/Content/Temp_Textures/M_BrianGP.uexp" 90
"F:/Unreal Engine Projects/Group23 Git/Group23/Content/Bradley/iMAGES/Bowel_cancer_samples.uasset" 91
"F:/Unreal Engine Projects/Group23 Git/Group23/Content/Bradley/iMAGES/Bowel_cancer_samples.uexp" 92
"F:/Unreal Engine Projects/Group23 Git/Group23/Content/Bradley/Text1.uasset" 93
"F:/Unreal Engine Projects/Group23 Git/Group23/Content/Bradley/Text1.uexp" 94
"F:/Unreal Engine Projects/Group23 Git/Group23/Content/Bradley/Mini1.uasset" 95
"F:/Unreal Engine Projects/Group23 Git/Group23/Content/Bradley/Mini1.uexp" 96
"F:/Unreal Engine Projects/Group23 Git/Group23/Content/Patient/BP_Patient2.uasset" 97
"F:/Unreal Engine Projects/Group23 Git/Group23/Content/Patient/BP_Patient2.uexp" 98
"F:/Unreal Engine Projects/Group23 Git/Group23/Content/Bradley/iMAGES/Untitled-3__5__copy.uasset" 99
"F:/Unreal Engine Projects/Group23 Git/Group23/Content/Bradley/iMAGES/Untitled-3__5__copy.uexp" 100
"F:/Unreal Engine Projects/Group23 Git/Group23/Content/Bradley/Mini2.uasset" 101
"F:/Unreal Engine Projects/Group23 Git/Group23/Content/Bradley/Mini2.uexp" 102
"F:/Unreal Engine Projects/Group23 Git/Group23/Content/Patient/BP_Patient3.uasset" 103
"F:/Unreal Engine Projects/Group23 Git/Group23/Content/Patient/BP_Patient3.uexp" 104
"../../../Engine/Content/Functions/Engine_MaterialFunctions01/Shading/PowerToRoughness.uasset" 105
"../../../Engine/Content/Functions/Engine_MaterialFunctions01/Shading/PowerToRoughness.uexp" 106
"../../../Engine/Content/Functions/Engine_MaterialFunctions01/Shading/ConvertFromDiffSpec.uasset" 107
"../../../Engine/Content/Functions/Engine_MaterialFunctions01/Shading/ConvertFromDiffSpec.uexp" 108
"../../../Engine/Content/EngineSounds/Master.uasset" 109
"../../../Engine/Content/EngineSounds/Master.uexp" 110
"../../../Engine/Content/EngineSky/T_Sky_Stars.ubulk" 111
"../../../Engine/Content/EngineSky/T_Sky_Stars.uasset" 112
"../../../Engine/Content/EngineSky/T_Sky_Stars.uexp" 113
"../../../Engine/Content/EngineSky/T_Sky_Clouds_M.ubulk" 114
"../../../Engine/Content/EngineSky/T_Sky_Clouds_M.uasset" 115
"../../../Engine/Content/EngineSky/T_Sky_Clouds_M.uexp" 116
"../../../Engine/Content/EngineSky/T_Sky_Blue.ubulk" 117
"../../../Engine/Content/EngineSky/T_Sky_Blue.uasset" 118
"../../../Engine/Content/EngineSky/T_Sky_Blue.uexp" 119
"../../../Engine/Content/EngineSky/M_Sky_Panning_Clouds2.uasset" 120
"../../../Engine/Content/EngineSky/M_Sky_Panning_Clouds2.uexp" 121
"../../../Engine/Content/EngineSky/SM_SkySphere.ubulk" 122
"../../../Engine/Content/EngineSky/SM_SkySphere.uasset" 123
"../../../Engine/Content/EngineSky/SM_SkySphere.uexp" 124
"../../../Engine/Content/EngineSky/M_SimpleSkyDome.uasset" 125
"../../../Engine/Content/EngineSky/M_SimpleSkyDome.uexp" 126
"../../../Engine/Content/EngineSky/VolumetricClouds/CloudWeatherTexture.uasset" 127
"../../../Engine/Content/EngineSky/VolumetricClouds/CloudWeatherTexture.uexp" 128
"../../../Engine/Content/Functions/Engine_MaterialFunctions02/Utility/MakeFloat2.uasset" 129
"../../../Engine/Content/Functions/Engine_MaterialFunctions02/Utility/MakeFloat2.uexp" 130
"../../../Engine/Content/EngineSky/VolumetricClouds/CloudGradientTexture.uasset" 131
"../../../Engine/Content/EngineSky/VolumetricClouds/CloudGradientTexture.uexp" 132
"../../../Engine/Content/EngineSky/VolumetricClouds/T_NoiseShape64.ubulk" 133
"../../../Engine/Content/EngineSky/VolumetricClouds/T_NoiseShape64.uasset" 134
"../../../Engine/Content/EngineSky/VolumetricClouds/T_NoiseShape64.uexp" 135
"../../../Engine/Content/EngineSky/VolumetricClouds/T_VolumeNoiseShape64.uasset" 136
"../../../Engine/Content/EngineSky/VolumetricClouds/T_VolumeNoiseShape64.uexp" 137
"../../../Engine/Content/EngineSky/VolumetricClouds/T_NoiseErosion.ubulk" 138
"../../../Engine/Content/EngineSky/VolumetricClouds/T_NoiseErosion.uasset" 139
"../../../Engine/Content/EngineSky/VolumetricClouds/T_NoiseErosion.uexp" 140
"../../../Engine/Content/EngineSky/VolumetricClouds/T_VolumeNoiseErosion32.uasset" 141
"../../../Engine/Content/EngineSky/VolumetricClouds/T_VolumeNoiseErosion32.uexp" 142
"../../../Engine/Content/EngineSky/VolumetricClouds/m_SimpleVolumetricCloud.uasset" 143
"../../../Engine/Content/EngineSky/VolumetricClouds/m_SimpleVolumetricCloud.uexp" 144
"../../../Engine/Content/EngineSky/VolumetricClouds/m_SimpleVolumetricCloud_Inst.uasset" 145
"../../../Engine/Content/EngineSky/VolumetricClouds/m_SimpleVolumetricCloud_Inst.uexp" 146
"../../../Engine/Content/EngineResources/GradientTexture0.uasset" 147
"../../../Engine/Content/EngineResources/GradientTexture0.uexp" 148
"../../../Engine/Content/EngineResources/DefaultVolumeTexture2D.uasset" 149
"../../../Engine/Content/EngineResources/DefaultVolumeTexture2D.uexp" 150
"../../../Engine/Content/EngineResources/DefaultVolumeTexture.uasset" 151
"../../../Engine/Content/EngineResources/DefaultVolumeTexture.uexp" 152
"../../../Engine/Content/EngineResources/DefaultTextureCube.uasset" 153
"../../../Engine/Content/EngineResources/DefaultTextureCube.uexp" 154
"../../../Engine/Content/EngineResources/DefaultTexture.ubulk" 155
"../../../Engine/Content/EngineResources/DefaultTexture.uasset" 156
"../../../Engine/Content/EngineResources/DefaultTexture.uexp" 157
"../../../Engine/Content/EngineResources/Black.uasset" 158
"../../../Engine/Content/EngineResources/Black.uexp" 159
"../../../Engine/Content/EngineResources/FilmGrains/Marcie_Grain_v3_128_M2_000.uasset" 160
"../../../Engine/Content/EngineResources/FilmGrains/Marcie_Grain_v3_128_M2_000.uexp" 161
"../../../Engine/Content/EngineMeshes/Sphere.ubulk" 162
"../../../Engine/Content/EngineMeshes/Sphere.uasset" 163
"../../../Engine/Content/EngineMeshes/Sphere.uexp" 164
"../../../Engine/Content/EngineResources/WhiteSquareTexture.uasset" 165
"../../../Engine/Content/EngineResources/WhiteSquareTexture.uexp" 166
"../../../Engine/Content/EngineMaterials/Widget3DPassThrough.uasset" 167
"../../../Engine/Content/EngineMaterials/Widget3DPassThrough.uexp" 168
"../../../Engine/Content/EngineMaterials/Widget3DPassThrough_Translucent.uasset" 169
"../../../Engine/Content/EngineMaterials/Widget3DPassThrough_Translucent.uexp" 170
"../../../Engine/Content/EngineMaterials/Widget3DPassThrough_Translucent_OneSided.uasset" 171
"../../../Engine/Content/EngineMaterials/Widget3DPassThrough_Translucent_OneSided.uexp" 172
"../../../Engine/Content/EngineMaterials/Widget3DPassThrough_Opaque.uasset" 173
"../../../Engine/Content/EngineMaterials/Widget3DPassThrough_Opaque.uexp" 174
"../../../Engine/Content/EngineMaterials/Widget3DPassThrough_Opaque_OneSided.uasset" 175
"../../../Engine/Content/EngineMaterials/Widget3DPassThrough_Opaque_OneSided.uexp" 176
"../../../Engine/Content/EngineMaterials/Widget3DPassThrough_Masked_OneSided.uasset" 177
"../../../Engine/Content/EngineMaterials/Widget3DPassThrough_Masked_OneSided.uexp" 178
"../../../Engine/Content/EngineMaterials/Widget3DPassThrough_Masked.uasset" 179
"../../../Engine/Content/EngineMaterials/Widget3DPassThrough_Masked.uexp" 180
"../../../Engine/Content/EngineMaterials/WeightMapPlaceholderTexture.uasset" 181
"../../../Engine/Content/EngineMaterials/WeightMapPlaceholderTexture.uexp" 182
"../../../Engine/Content/EngineMaterials/RemoveSurfaceMaterial.uasset" 183
"../../../Engine/Content/EngineMaterials/RemoveSurfaceMaterial.uexp" 184
"../../../Engine/Content/EngineMaterials/PreintegratedSkinBRDF.uasset" 185
"../../../Engine/Content/EngineMaterials/PreintegratedSkinBRDF.uexp" 186
"../../../Engine/Content/EngineMaterials/DefaultCalibrationGrayscale.uasset" 187
"../../../Engine/Content/EngineMaterials/DefaultCalibrationGrayscale.uexp" 188
"../../../Engine/Content/EngineMaterials/PPM_DefaultCalibrationGrayscale.uasset" 189
"../../../Engine/Content/EngineMaterials/PPM_DefaultCalibrationGrayscale.uexp" 190
"../../../Engine/Content/EngineMaterials/DefaultCalibrationColor.uasset" 191
"../../../Engine/Content/EngineMaterials/DefaultCalibrationColor.uexp" 192
"../../../Engine/Content/EngineMaterials/PPM_DefaultCalibrationColor.uasset" 193
"../../../Engine/Content/EngineMaterials/PPM_DefaultCalibrationColor.uexp" 194
"../../../Engine/Content/Functions/Engine_MaterialFunctions02/WorldPositionOffset/CameraOffset.uasset" 195
"../../../Engine/Content/Functions/Engine_MaterialFunctions02/WorldPositionOffset/CameraOffset.uexp" 196
"../../../Engine/Content/EngineMaterials/PhAT_JointLimitMaterial.uasset" 197
"../../../Engine/Content/EngineMaterials/PhAT_JointLimitMaterial.uexp" 198
"../../../Engine/Content/EngineMaterials/InvalidLightmapSettings.ubulk" 199
"../../../Engine/Content/EngineMaterials/InvalidLightmapSettings.uasset" 200
"../../../Engine/Content/EngineMaterials/InvalidLightmapSettings.uexp" 201
"../../../Engine/Content/EngineMaterials/M_InvalidLightmapSettings.uasset" 202
"../../../Engine/Content/EngineMaterials/M_InvalidLightmapSettings.uexp" 203
"../../../Engine/Content/EngineMaterials/MiniFont.uasset" 204
"../../../Engine/Content/EngineMaterials/MiniFont.uexp" 205
"../../../Engine/Content/EngineMaterials/Good64x64TilingNoiseHighFreq.uasset" 206
"../../../Engine/Content/EngineMaterials/Good64x64TilingNoiseHighFreq.uexp" 207
"../../../Engine/Content/EngineMaterials/GizmoMaterial.uasset" 208
"../../../Engine/Content/EngineMaterials/GizmoMaterial.uexp" 209
"../../../Engine/Content/EngineMaterials/BaseFlattenEmissiveMap_VT.uasset" 210
"../../../Engine/Content/EngineMaterials/BaseFlattenEmissiveMap_VT.uexp" 211
"../../../Engine/Content/EngineMaterials/BaseFlattenGrayscaleMap_VT.uasset" 212
"../../../Engine/Content/EngineMaterials/BaseFlattenGrayscaleMap_VT.uexp" 213
"../../../Engine/Content/EngineMaterials/BaseFlattenLinearColor_VT.uasset" 214
"../../../Engine/Content/EngineMaterials/BaseFlattenLinearColor_VT.uexp" 215
"../../../Engine/Content/EngineMaterials/Black_1x1_EXR_Texture_VT.uasset" 216
"../../../Engine/Content/EngineMaterials/Black_1x1_EXR_Texture_VT.uexp" 217
"../../../Engine/Content/EngineMaterials/BaseFlattenDiffuseMap_VT.uasset" 218
"../../../Engine/Content/EngineMaterials/BaseFlattenDiffuseMap_VT.uexp" 219
"../../../Engine/Content/EngineMaterials/BaseFlattenNormalMap_VT.uasset" 220
"../../../Engine/Content/EngineMaterials/BaseFlattenNormalMap_VT.uexp" 221
"../../../Engine/Content/EngineMaterials/FlattenMaterial_WS_Normal_VT.uasset" 222
"../../../Engine/Content/EngineMaterials/FlattenMaterial_WS_Normal_VT.uexp" 223
"../../../Engine/Content/EngineMaterials/FlattenMaterial_VT.uasset" 224
"../../../Engine/Content/EngineMaterials/FlattenMaterial_VT.uexp" 225
"../../../Engine/Content/EngineMaterials/BaseFlattenNormalMap.uasset" 226
"../../../Engine/Content/EngineMaterials/BaseFlattenNormalMap.uexp" 227
"../../../Engine/Content/EngineMaterials/BaseFlattenGrayscaleMap.uasset" 228
"../../../Engine/Content/EngineMaterials/BaseFlattenGrayscaleMap.uexp" 229
"../../../Engine/Content/EngineMaterials/BaseFlattenDiffuseMap.uasset" 230
"../../../Engine/Content/EngineMaterials/BaseFlattenDiffuseMap.uexp" 231
"../../../Engine/Content/Functions/Engine_MaterialFunctions02/PivotPainter2/Black_1x1_EXR_Texture.uasset" 232
"../../../Engine/Content/Functions/Engine_MaterialFunctions02/PivotPainter2/Black_1x1_EXR_Texture.uexp" 233
"../../../Engine/Content/EngineMaterials/BaseFlattenEmissiveMap.uasset" 234
"../../../Engine/Content/EngineMaterials/BaseFlattenEmissiveMap.uexp" 235
"../../../Engine/Content/EngineMaterials/BaseFlattenLinearColor.uasset" 236
"../../../Engine/Content/EngineMaterials/BaseFlattenLinearColor.uexp" 237
"../../../Engine/Content/EngineMaterials/FlattenMaterial.uasset" 238
"../../../Engine/Content/EngineMaterials/FlattenMaterial.uexp" 239
"../../../Engine/Content/EngineMaterials/DefaultWhiteGrid_Low.uasset" 240
"../../../Engine/Content/EngineMaterials/DefaultWhiteGrid_Low.uexp" 241
"../../../Engine/Content/EngineMaterials/EmissiveMeshMaterial.uasset" 242
"../../../Engine/Content/EngineMaterials/EmissiveMeshMaterial.uexp" 243
"../../../Engine/Content/EngineMaterials/DefaultWhiteGrid.ubulk" 244
"../../../Engine/Content/EngineMaterials/DefaultWhiteGrid.uasset" 245
"../../../Engine/Content/EngineMaterials/DefaultWhiteGrid.uexp" 246
"../../../Engine/Content/EngineFonts/RobotoDistanceField.uasset" 247
"../../../Engine/Content/EngineFonts/RobotoDistanceField.uexp" 248
"../../../Engine/Content/EngineMaterials/DefaultTextMaterialOpaque.uasset" 249
"../../../Engine/Content/EngineMaterials/DefaultTextMaterialOpaque.uexp" 250
"../../../Engine/Content/EngineMaterials/DefaultDiffuse.ubulk" 251
"../../../Engine/Content/EngineMaterials/DefaultDiffuse.uasset" 252
"../../../Engine/Content/EngineMaterials/DefaultDiffuse.uexp" 253
"../../../Engine/Content/Functions/Engine_MaterialFunctions02/Utility/BreakOutFloat2Components.uasset" 254
"../../../Engine/Content/Functions/Engine_MaterialFunctions02/Utility/BreakOutFloat2Components.uexp" 255
"../../../Engine/Content/EngineMaterials/DefaultPostProcessMaterial.uasset" 256
"../../../Engine/Content/EngineMaterials/DefaultPostProcessMaterial.uexp" 257
"../../../Engine/Content/EngineMaterials/DefaultPhysicalMaterial.uasset" 258
"../../../Engine/Content/EngineMaterials/DefaultPhysicalMaterial.uexp" 259
"../../../Engine/Content/EngineMaterials/DefaultLightFunctionMaterial.uasset" 260
"../../../Engine/Content/EngineMaterials/DefaultLightFunctionMaterial.uexp" 261
"../../../Engine/Content/EngineMaterials/DefaultDestructiblePhysicalMaterial.uasset" 262
"../../../Engine/Content/EngineMaterials/DefaultDestructiblePhysicalMaterial.uexp" 263
"../../../Engine/Content/EngineMaterials/DefaultDeferredDecalMaterial.uasset" 264
"../../../Engine/Content/EngineMaterials/DefaultDeferredDecalMaterial.uexp" 265
"../../../Engine/Content/EngineMaterials/DefaultBokeh.uasset" 266
"../../../Engine/Content/EngineMaterials/DefaultBokeh.uexp" 267
"../../../Engine/Content/EngineMaterials/DefaultBloomKernel.uasset" 268
"../../../Engine/Content/EngineMaterials/DefaultBloomKernel.uexp" 269
"../../../Engine/Content/EngineMaterials/BlueNoise.uasset" 270
"../../../Engine/Content/EngineMaterials/BlueNoise.uexp" 271
"../../../Engine/Content/EngineFonts/Faces/RobotoLight.uexp" 272
"../../../Engine/Content/EngineFonts/Faces/RobotoLight.uasset" 273
"../../../Engine/Content/EngineFonts/Faces/RobotoLight.ufont" 274
"../../../Engine/Content/EngineFonts/Faces/RobotoBold.uexp" 275
"../../../Engine/Content/EngineFonts/Faces/RobotoBold.uasset" 276
"../../../Engine/Content/EngineFonts/Faces/RobotoBold.ufont" 277
"../../../Engine/Content/EngineFonts/Faces/RobotoRegular.uexp" 278
"../../../Engine/Content/EngineFonts/Faces/RobotoRegular.uasset" 279
"../../../Engine/Content/EngineFonts/Faces/RobotoRegular.ufont" 280
"../../../Engine/Content/EngineFonts/Faces/DroidSansFallback.uexp" 281
"../../../Engine/Content/EngineFonts/Faces/DroidSansFallback.uasset" 282
"../../../Engine/Content/EngineFonts/Faces/DroidSansFallback.ufont" 283
"../../../Engine/Content/EngineFonts/Faces/RobotoItalic.uexp" 284
"../../../Engine/Content/EngineFonts/Faces/RobotoItalic.uasset" 285
"../../../Engine/Content/EngineFonts/Faces/RobotoItalic.ufont" 286
"../../../Engine/Content/EngineFonts/Faces/RobotoBoldItalic.uexp" 287
"../../../Engine/Content/EngineFonts/Faces/RobotoBoldItalic.uasset" 288
"../../../Engine/Content/EngineFonts/Faces/RobotoBoldItalic.ufont" 289
"../../../Engine/Content/EngineFonts/Roboto.uasset" 290
"../../../Engine/Content/EngineFonts/Roboto.uexp" 291
"../../../Engine/Content/Functions/Engine_MaterialFunctions02/Utility/CameraDirectionVector.uasset" 292
"../../../Engine/Content/Functions/Engine_MaterialFunctions02/Utility/CameraDirectionVector.uexp" 293
"../../../Engine/Content/EngineDebugMaterials/VolumeToRender.uasset" 294
"../../../Engine/Content/EngineDebugMaterials/VolumeToRender.uexp" 295
"../../../Engine/Content/EngineDebugMaterials/M_VolumeRenderSphereTracePP.uasset" 296
"../../../Engine/Content/EngineDebugMaterials/M_VolumeRenderSphereTracePP.uexp" 297
"../../../Engine/Content/EngineDebugMaterials/M_SimpleUnlitTranslucent.uasset" 298
"../../../Engine/Content/EngineDebugMaterials/M_SimpleUnlitTranslucent.uexp" 299
"../../../Engine/Content/EngineDebugMaterials/DebugMeshMaterial.uasset" 300
"../../../Engine/Content/EngineDebugMaterials/DebugMeshMaterial.uexp" 301
"../../../Engine/Content/EngineDebugMaterials/DebugEditorMaterial.uasset" 302
"../../../Engine/Content/EngineDebugMaterials/DebugEditorMaterial.uexp" 303
"../../../Engine/Content/EngineDamageTypes/DmgTypeBP_Environmental.uasset" 304
"../../../Engine/Content/EngineDamageTypes/DmgTypeBP_Environmental.uexp" 305
"../../../Engine/Content/EditorResources/S_TriggerSphere.uasset" 306
"../../../Engine/Content/EditorResources/S_TriggerSphere.uexp" 307
"../../../Engine/Content/EditorResources/S_TriggerCapsule.uasset" 308
"../../../Engine/Content/EditorResources/S_TriggerCapsule.uexp" 309
"../../../Engine/Content/EditorResources/S_TriggerBox.uasset" 310
"../../../Engine/Content/EditorResources/S_TriggerBox.uexp" 311
"../../../Engine/Content/EditorResources/S_Trigger.ubulk" 312
"../../../Engine/Content/EditorResources/S_Trigger.uasset" 313
"../../../Engine/Content/EditorResources/S_Trigger.uexp" 314
"../../../Engine/Content/EditorResources/S_Terrain.ubulk" 315
"../../../Engine/Content/EditorResources/S_Terrain.uasset" 316
"../../../Engine/Content/EditorResources/S_Terrain.uexp" 317
"../../../Engine/Content/EditorResources/S_Solver.ubulk" 318
"../../../Engine/Content/EditorResources/S_Solver.uasset" 319
"../../../Engine/Content/EditorResources/S_Solver.uexp" 320
"../../../Engine/Content/EditorResources/S_BoxReflectionCapture.uasset" 321
"../../../Engine/Content/EditorResources/S_BoxReflectionCapture.uexp" 322
"../../../Engine/Content/EditorResources/S_Actor.ubulk" 323
"../../../Engine/Content/EditorResources/S_Actor.uasset" 324
"../../../Engine/Content/EditorResources/S_Actor.uexp" 325
"../../../Engine/Content/EditorResources/EmptyActor.uasset" 326
"../../../Engine/Content/EditorResources/EmptyActor.uexp" 327
"../../../Engine/Content/EditorResources/BSPVertex.uasset" 328
"../../../Engine/Content/EditorResources/BSPVertex.uexp" 329
"../../../Engine/Content/EditorResources/SequenceRecorder/RecordingIndicator.uasset" 330
"../../../Engine/Content/EditorResources/SequenceRecorder/RecordingIndicator.uexp" 331
"../../../Engine/Content/EditorResources/SequenceRecorder/Countdown.uasset" 332
"../../../Engine/Content/EditorResources/SequenceRecorder/Countdown.uexp" 333
"../../../Engine/Content/EditorResources/LightIcons/S_LightError.uasset" 334
"../../../Engine/Content/EditorResources/LightIcons/S_LightError.uexp" 335
"../../../Engine/Content/EditorMaterials/Camera/CineMat.uasset" 336
"../../../Engine/Content/EditorMaterials/Camera/CineMat.uexp" 337
"../../../Engine/Content/EditorMaterials/Camera/MI_CineMat_Rig.uasset" 338
"../../../Engine/Content/EditorMaterials/Camera/MI_CineMat_Rig.uexp" 339
"../../../Engine/Content/EditorMeshes/Camera/SM_RailRig_Track.ubulk" 340
"../../../Engine/Content/EditorMeshes/Camera/SM_RailRig_Track.uasset" 341
"../../../Engine/Content/EditorMeshes/Camera/SM_RailRig_Track.uexp" 342
"../../../Engine/Content/EditorMeshes/Camera/SM_RailRig_Mount.ubulk" 343
"../../../Engine/Content/EditorMeshes/Camera/SM_RailRig_Mount.uasset" 344
"../../../Engine/Content/EditorMeshes/Camera/SM_RailRig_Mount.uexp" 345
"../../../Engine/Content/EditorMeshes/Camera/SM_CraneRig_Mount.ubulk" 346
"../../../Engine/Content/EditorMeshes/Camera/SM_CraneRig_Mount.uasset" 347
"../../../Engine/Content/EditorMeshes/Camera/SM_CraneRig_Mount.uexp" 348
"../../../Engine/Content/EditorMeshes/Camera/SM_CraneRig_Body.ubulk" 349
"../../../Engine/Content/EditorMeshes/Camera/SM_CraneRig_Body.uasset" 350
"../../../Engine/Content/EditorMeshes/Camera/SM_CraneRig_Body.uexp" 351
"../../../Engine/Content/EditorMeshes/Camera/SM_CraneRig_Base.ubulk" 352
"../../../Engine/Content/EditorMeshes/Camera/SM_CraneRig_Base.uasset" 353
"../../../Engine/Content/EditorMeshes/Camera/SM_CraneRig_Base.uexp" 354
"../../../Engine/Content/EditorMeshes/Camera/SM_CraneRig_Arm.ubulk" 355
"../../../Engine/Content/EditorMeshes/Camera/SM_CraneRig_Arm.uasset" 356
"../../../Engine/Content/EditorMeshes/Camera/SM_CraneRig_Arm.uexp" 357
"../../../Engine/Content/EditorMaterials/PreviewShadowIndicator.ubulk" 358
"../../../Engine/Content/EditorMaterials/PreviewShadowIndicator.uasset" 359
"../../../Engine/Content/EditorMaterials/PreviewShadowIndicator.uexp" 360
"../../../Engine/Content/EditorMaterials/PreviewShadowIndicatorMaterial.uasset" 361
"../../../Engine/Content/EditorMaterials/PreviewShadowIndicatorMaterial.uexp" 362
"../../../Engine/Content/EditorMaterials/MAT_Groups_Visibility.uasset" 363
"../../../Engine/Content/EditorMaterials/MAT_Groups_Visibility.uexp" 364
"../../../Engine/Content/EditorMaterials/MAT_Groups_Toggle.uasset" 365
"../../../Engine/Content/EditorMaterials/MAT_Groups_Toggle.uexp" 366
"../../../Engine/Content/Functions/Engine_MaterialFunctions02/Utility/MakeFloat4.uasset" 367
"../../../Engine/Content/Functions/Engine_MaterialFunctions02/Utility/MakeFloat4.uexp" 368
"../../../Engine/Content/Functions/Engine_MaterialFunctions02/Utility/MakeFloat3.uasset" 369
"../../../Engine/Content/Functions/Engine_MaterialFunctions02/Utility/MakeFloat3.uexp" 370
"../../../Engine/Content/Functions/Engine_MaterialFunctions02/Utility/BreakOutFloat3Components.uasset" 371
"../../../Engine/Content/Functions/Engine_MaterialFunctions02/Utility/BreakOutFloat3Components.uexp" 372
"../../../Engine/Content/EditorMaterials/WorldPartition/WorldPartitionSpatialHashGridPreviewMaterial.uasset" 373
"../../../Engine/Content/EditorMaterials/WorldPartition/WorldPartitionSpatialHashGridPreviewMaterial.uexp" 374
"../../../Engine/Content/EditorMaterials/ParticleSystems/PSysThumbnail_OOD.ubulk" 375
"../../../Engine/Content/EditorMaterials/ParticleSystems/PSysThumbnail_OOD.uasset" 376
"../../../Engine/Content/EditorMaterials/ParticleSystems/PSysThumbnail_OOD.uexp" 377
"../../../Engine/Content/EditorMaterials/ParticleSystems/PSysThumbnail_NoImage.ubulk" 378
"../../../Engine/Content/EditorMaterials/ParticleSystems/PSysThumbnail_NoImage.uasset" 379
"../../../Engine/Content/EditorMaterials/ParticleSystems/PSysThumbnail_NoImage.uexp" 380
"../../../Engine/Content/EditorMaterials/MatineeGroups/MAT_Groups_Vector.uasset" 381
"../../../Engine/Content/EditorMaterials/MatineeGroups/MAT_Groups_Vector.uexp" 382
"../../../Engine/Content/EditorMaterials/MatineeGroups/MAT_Groups_Sound.uasset" 383
"../../../Engine/Content/EditorMaterials/MatineeGroups/MAT_Groups_Sound.uexp" 384
"../../../Engine/Content/EditorMaterials/MatineeGroups/MAT_Groups_Slomo.uasset" 385
"../../../Engine/Content/EditorMaterials/MatineeGroups/MAT_Groups_Slomo.uexp" 386
"../../../Engine/Content/EditorMaterials/MatineeGroups/MAT_Groups_Move.uasset" 387
"../../../Engine/Content/EditorMaterials/MatineeGroups/MAT_Groups_Move.uexp" 388
"../../../Engine/Content/EditorMaterials/MatineeGroups/MAT_Groups_Float.uasset" 389
"../../../Engine/Content/EditorMaterials/MatineeGroups/MAT_Groups_Float.uexp" 390
"../../../Engine/Content/EditorMaterials/MatineeGroups/MAT_Groups_Fade.uasset" 391
"../../../Engine/Content/EditorMaterials/MatineeGroups/MAT_Groups_Fade.uexp" 392
"../../../Engine/Content/EditorMaterials/MatineeGroups/MAT_Groups_Event.uasset" 393
"../../../Engine/Content/EditorMaterials/MatineeGroups/MAT_Groups_Event.uexp" 394
"../../../Engine/Content/EditorMaterials/MatineeGroups/MAT_Groups_Director.uasset" 395
"../../../Engine/Content/EditorMaterials/MatineeGroups/MAT_Groups_Director.uexp" 396
"../../../Engine/Content/EditorMaterials/MatineeGroups/MAT_Groups_AudioMaster.uasset" 397
"../../../Engine/Content/EditorMaterials/MatineeGroups/MAT_Groups_AudioMaster.uexp" 398
"../../../Engine/Content/EditorMaterials/MatineeGroups/MAT_Groups_Anim.uasset" 399
"../../../Engine/Content/EditorMaterials/MatineeGroups/MAT_Groups_Anim.uexp" 400
"../../../Engine/Content/EditorMaterials/MatineeGroups/MAT_ColorTrack.uasset" 401
"../../../Engine/Content/EditorMaterials/MatineeGroups/MAT_ColorTrack.uexp" 402
"../../../Engine/Content/EditorLandscapeResources/DefaultAlphaTexture.uasset" 403
"../../../Engine/Content/EditorLandscapeResources/DefaultAlphaTexture.uexp" 404
"../../../Engine/Content/EditorLandscapeResources/DataLayer.uasset" 405
"../../../Engine/Content/EditorLandscapeResources/DataLayer.uexp" 406
"../../../Engine/Content/EngineMaterials/DefaultMaterial.uasset" 407
"../../../Engine/Content/EngineMaterials/DefaultMaterial.uexp" 408
"../../../Engine/Content/BasicShapes/Sphere.ubulk" 409
"../../../Engine/Content/BasicShapes/Sphere.uasset" 410
"../../../Engine/Content/BasicShapes/Sphere.uexp" 411
"../../../Engine/Content/BasicShapes/Cylinder.ubulk" 412
"../../../Engine/Content/BasicShapes/Cylinder.uasset" 413
"../../../Engine/Content/BasicShapes/Cylinder.uexp" 414
"../../../Engine/Content/BasicShapes/Cube.ubulk" 415
"../../../Engine/Content/BasicShapes/Cube.uasset" 416
"../../../Engine/Content/BasicShapes/Cube.uexp" 417
"../../../Engine/Content/BasicShapes/Cone.ubulk" 418
"../../../Engine/Content/BasicShapes/Cone.uasset" 419
"../../../Engine/Content/BasicShapes/Cone.uexp" 420
"../../../Engine/Content/ArtTools/RenderToTexture/Meshes/S_1_Unit_Plane.ubulk" 421
"../../../Engine/Content/ArtTools/RenderToTexture/Meshes/S_1_Unit_Plane.uasset" 422
"../../../Engine/Content/ArtTools/RenderToTexture/Meshes/S_1_Unit_Plane.uexp" 423
"../../../Engine/Content/MobileResources/HUD/VirtualJoystick_Background.uasset" 424
"../../../Engine/Content/MobileResources/HUD/VirtualJoystick_Background.uexp" 425
"../../../Engine/Content/MobileResources/HUD/VirtualJoystick_Thumb.uasset" 426
"../../../Engine/Content/MobileResources/HUD/VirtualJoystick_Thumb.uexp" 427
"../../../Engine/Content/MobileResources/HUD/DefaultVirtualJoysticks.uasset" 428
"../../../Engine/Content/MobileResources/HUD/DefaultVirtualJoysticks.uexp" 429
"../../../Engine/Content/OpenWorldTemplate/HLOD/HLOD0_Instancing.uasset" 430
"../../../Engine/Content/OpenWorldTemplate/HLOD/HLOD0_Instancing.uexp" 431
"../../../Engine/Content/EngineMaterials/BlendFunc_DefBlend.uasset" 432
"../../../Engine/Content/EngineMaterials/BlendFunc_DefBlend.uexp" 433
"../../../Engine/Content/EngineMaterials/BlendFunc_DefBase.uasset" 434
"../../../Engine/Content/EngineMaterials/BlendFunc_DefBase.uexp" 435
"../../../Engine/Content/Functions/Engine_MaterialFunctions03/Blends/Blend_Overlay.uasset" 436
"../../../Engine/Content/Functions/Engine_MaterialFunctions03/Blends/Blend_Overlay.uexp" 437
"../../../Engine/Content/OpenWorldTemplate/LandscapeMaterial/T_GridChecker_A.ubulk" 438
"../../../Engine/Content/OpenWorldTemplate/LandscapeMaterial/T_GridChecker_A.uasset" 439
"../../../Engine/Content/OpenWorldTemplate/LandscapeMaterial/T_GridChecker_A.uexp" 440
"../../../Engine/Content/Functions/Engine_MaterialFunctions01/Gradient/LinearGradient.uasset" 441
"../../../Engine/Content/Functions/Engine_MaterialFunctions01/Gradient/LinearGradient.uexp" 442
"../../../Engine/Content/Functions/Engine_MaterialFunctions01/ImageAdjustment/CheapContrast.uasset" 443
"../../../Engine/Content/Functions/Engine_MaterialFunctions01/ImageAdjustment/CheapContrast.uexp" 444
"../../../Engine/Content/OpenWorldTemplate/LandscapeMaterial/MF_ProcGrid.uasset" 445
"../../../Engine/Content/OpenWorldTemplate/LandscapeMaterial/MF_ProcGrid.uexp" 446
"../../../Engine/Content/OpenWorldTemplate/LandscapeMaterial/M_ProcGrid.uasset" 447
"../../../Engine/Content/OpenWorldTemplate/LandscapeMaterial/M_ProcGrid.uexp" 448
"../../../Engine/Content/Tutorial/ContentIntroCurve.uasset" 449
"../../../Engine/Content/Tutorial/ContentIntroCurve.uexp" 450
"../../../Engine/Content/VREditor/TransformGizmo/Main.uasset" 451
"../../../Engine/Content/VREditor/TransformGizmo/Main.uexp" 452
"../../../Engine/Content/VREditor/TransformGizmo/Xray.uasset" 453
"../../../Engine/Content/VREditor/TransformGizmo/Xray.uexp" 454
"../../../Engine/Content/VREditor/TransformGizmo/SM_Sequencer_Node.ubulk" 455
"../../../Engine/Content/VREditor/TransformGizmo/SM_Sequencer_Node.uasset" 456
"../../../Engine/Content/VREditor/TransformGizmo/SM_Sequencer_Node.uexp" 457
"../../../Engine/Content/VREditor/LaserPointer/VR_LaserPower_01.ubulk" 458
"../../../Engine/Content/VREditor/LaserPointer/VR_LaserPower_01.uasset" 459
"../../../Engine/Content/VREditor/LaserPointer/VR_LaserPower_01.uexp" 460
"../../../Engine/Content/VREditor/TransformGizmo/TransformGizmoMaterial.uasset" 461
"../../../Engine/Content/VREditor/TransformGizmo/TransformGizmoMaterial.uexp" 462
"../../../Engine/Content/VREditor/TransformGizmo/TranslucentTransformGizmoMaterial.uasset" 463
"../../../Engine/Content/VREditor/TransformGizmo/TranslucentTransformGizmoMaterial.uexp" 464
"../../../Engine/Content/VREditor/TransformGizmo/PlaneTranslationHandle.ubulk" 465
"../../../Engine/Content/VREditor/TransformGizmo/PlaneTranslationHandle.uasset" 466
"../../../Engine/Content/VREditor/TransformGizmo/PlaneTranslationHandle.uexp" 467
"../../../Engine/Content/VREditor/TransformGizmo/BoundingBoxEdge.ubulk" 468
"../../../Engine/Content/VREditor/TransformGizmo/BoundingBoxEdge.uasset" 469
"../../../Engine/Content/VREditor/TransformGizmo/BoundingBoxEdge.uexp" 470
"../../../Engine/Content/VREditor/TransformGizmo/BoundingBoxCorner.ubulk" 471
"../../../Engine/Content/VREditor/TransformGizmo/BoundingBoxCorner.uasset" 472
"../../../Engine/Content/VREditor/TransformGizmo/BoundingBoxCorner.uexp" 473
"../../../Engine/Plugins/2D/Paper2D/Content/PlaceholderTextures/DummySpriteTexture.ubulk" 474
"../../../Engine/Plugins/2D/Paper2D/Content/PlaceholderTextures/DummySpriteTexture.uasset" 475
"../../../Engine/Plugins/2D/Paper2D/Content/PlaceholderTextures/DummySpriteTexture.uexp" 476
"../../../Engine/Plugins/2D/Paper2D/Content/DefaultSpriteMaterial.uasset" 477
"../../../Engine/Plugins/2D/Paper2D/Content/DefaultSpriteMaterial.uexp" 478
"../../../Engine/Plugins/2D/Paper2D/Content/OpaqueUnlitSpriteMaterial.uasset" 479
"../../../Engine/Plugins/2D/Paper2D/Content/OpaqueUnlitSpriteMaterial.uexp" 480
"../../../Engine/Plugins/2D/Paper2D/Content/MaskedUnlitSpriteMaterial.uasset" 481
"../../../Engine/Plugins/2D/Paper2D/Content/MaskedUnlitSpriteMaterial.uexp" 482
"../../../Engine/Plugins/2D/Paper2D/Content/DummySprite.uasset" 483
"../../../Engine/Plugins/2D/Paper2D/Content/DummySprite.uexp" 484
"../../../Engine/Plugins/2D/Paper2D/Content/DefaultPaperTerrainMaterial.uasset" 485
"../../../Engine/Plugins/2D/Paper2D/Content/DefaultPaperTerrainMaterial.uexp" 486
"../../../Engine/Plugins/Animation/ControlRig/Content/M_Manip.uasset" 487
"../../../Engine/Plugins/Animation/ControlRig/Content/M_Manip.uexp" 488
"../../../Engine/Plugins/Animation/ControlRig/Content/Controls/DefaultGizmoLibraryNormalized.uasset" 489
"../../../Engine/Plugins/Animation/ControlRig/Content/Controls/DefaultGizmoLibraryNormalized.uexp" 490
"../../../Engine/Plugins/Animation/ControlRig/Content/Controls/ControlRig_Wedge_solid.ubulk" 491
"../../../Engine/Plugins/Animation/ControlRig/Content/Controls/ControlRig_Wedge_solid.uasset" 492
"../../../Engine/Plugins/Animation/ControlRig/Content/Controls/ControlRig_Wedge_solid.uexp" 493
"../../../Engine/Plugins/Animation/ControlRig/Content/Controls/ControlRig_Wedge_3mm.ubulk" 494
"../../../Engine/Plugins/Animation/ControlRig/Content/Controls/ControlRig_Wedge_3mm.uasset" 495
"../../../Engine/Plugins/Animation/ControlRig/Content/Controls/ControlRig_Wedge_3mm.uexp" 496
"../../../Engine/Plugins/Animation/ControlRig/Content/Controls/ControlRig_Wedge_1mm.ubulk" 497
"../../../Engine/Plugins/Animation/ControlRig/Content/Controls/ControlRig_Wedge_1mm.uasset" 498
"../../../Engine/Plugins/Animation/ControlRig/Content/Controls/ControlRig_Wedge_1mm.uexp" 499
"../../../Engine/Plugins/Animation/ControlRig/Content/Controls/ControlRig_Triangle_solid.ubulk" 500
"../../../Engine/Plugins/Animation/ControlRig/Content/Controls/ControlRig_Triangle_solid.uasset" 501
"../../../Engine/Plugins/Animation/ControlRig/Content/Controls/ControlRig_Triangle_solid.uexp" 502
"../../../Engine/Plugins/Animation/ControlRig/Content/Controls/ControlRig_Triangle_3mm.ubulk" 503
"../../../Engine/Plugins/Animation/ControlRig/Content/Controls/ControlRig_Triangle_3mm.uasset" 504
"../../../Engine/Plugins/Animation/ControlRig/Content/Controls/ControlRig_Triangle_3mm.uexp" 505
"../../../Engine/Plugins/Animation/ControlRig/Content/Controls/ControlRig_Triangle_1mm.ubulk" 506
"../../../Engine/Plugins/Animation/ControlRig/Content/Controls/ControlRig_Triangle_1mm.uasset" 507
"../../../Engine/Plugins/Animation/ControlRig/Content/Controls/ControlRig_Triangle_1mm.uexp" 508
"../../../Engine/Plugins/Animation/ControlRig/Content/Controls/ControlRig_Star4_solid.ubulk" 509
"../../../Engine/Plugins/Animation/ControlRig/Content/Controls/ControlRig_Star4_solid.uasset" 510
"../../../Engine/Plugins/Animation/ControlRig/Content/Controls/ControlRig_Star4_solid.uexp" 511
"../../../Engine/Plugins/Animation/ControlRig/Content/Controls/ControlRig_Star4_3mm.ubulk" 512
"../../../Engine/Plugins/Animation/ControlRig/Content/Controls/ControlRig_Star4_3mm.uasset" 513
"../../../Engine/Plugins/Animation/ControlRig/Content/Controls/ControlRig_Star4_3mm.uexp" 514
"../../../Engine/Plugins/Animation/ControlRig/Content/Controls/ControlRig_Star4_1mm.ubulk" 515
"../../../Engine/Plugins/Animation/ControlRig/Content/Controls/ControlRig_Star4_1mm.uasset" 516
"../../../Engine/Plugins/Animation/ControlRig/Content/Controls/ControlRig_Star4_1mm.uexp" 517
"../../../Engine/Plugins/Animation/ControlRig/Content/Controls/ControlRig_Square_solid.ubulk" 518
"../../../Engine/Plugins/Animation/ControlRig/Content/Controls/ControlRig_Square_solid.uasset" 519
"../../../Engine/Plugins/Animation/ControlRig/Content/Controls/ControlRig_Square_solid.uexp" 520
"../../../Engine/Plugins/Animation/ControlRig/Content/Controls/ControlRig_Square_3mm.ubulk" 521
"../../../Engine/Plugins/Animation/ControlRig/Content/Controls/ControlRig_Square_3mm.uasset" 522
"../../../Engine/Plugins/Animation/ControlRig/Content/Controls/ControlRig_Square_3mm.uexp" 523
"../../../Engine/Plugins/Animation/ControlRig/Content/Controls/ControlRig_Square_1mm.ubulk" 524
"../../../Engine/Plugins/Animation/ControlRig/Content/Controls/ControlRig_Square_1mm.uasset" 525
"../../../Engine/Plugins/Animation/ControlRig/Content/Controls/ControlRig_Square_1mm.uexp" 526
"../../../Engine/Plugins/Animation/ControlRig/Content/Controls/ControlRig_Sphere_solid.ubulk" 527
"../../../Engine/Plugins/Animation/ControlRig/Content/Controls/ControlRig_Sphere_solid.uasset" 528
"../../../Engine/Plugins/Animation/ControlRig/Content/Controls/ControlRig_Sphere_solid.uexp" 529
"../../../Engine/Plugins/Animation/ControlRig/Content/Controls/ControlRig_Sphere_3mm.ubulk" 530
"../../../Engine/Plugins/Animation/ControlRig/Content/Controls/ControlRig_Sphere_3mm.uasset" 531
"../../../Engine/Plugins/Animation/ControlRig/Content/Controls/ControlRig_Sphere_3mm.uexp" 532
"../../../Engine/Plugins/Animation/ControlRig/Content/Controls/ControlRig_Sphere_1mm.ubulk" 533
"../../../Engine/Plugins/Animation/ControlRig/Content/Controls/ControlRig_Sphere_1mm.uasset" 534
"../../../Engine/Plugins/Animation/ControlRig/Content/Controls/ControlRig_Sphere_1mm.uexp" 535
"../../../Engine/Plugins/Animation/ControlRig/Content/Controls/ControlRig_RoundedTriangle_solid.ubulk" 536
"../../../Engine/Plugins/Animation/ControlRig/Content/Controls/ControlRig_RoundedTriangle_solid.uasset" 537
"../../../Engine/Plugins/Animation/ControlRig/Content/Controls/ControlRig_RoundedTriangle_solid.uexp" 538
"../../../Engine/Plugins/Animation/ControlRig/Content/Controls/ControlRig_RoundedTriangle_3mm.ubulk" 539
"../../../Engine/Plugins/Animation/ControlRig/Content/Controls/ControlRig_RoundedTriangle_3mm.uasset" 540
"../../../Engine/Plugins/Animation/ControlRig/Content/Controls/ControlRig_RoundedTriangle_3mm.uexp" 541
"../../../Engine/Plugins/Animation/ControlRig/Content/Controls/ControlRig_RoundedTriangle_1mm.ubulk" 542
"../../../Engine/Plugins/Animation/ControlRig/Content/Controls/ControlRig_RoundedTriangle_1mm.uasset" 543
"../../../Engine/Plugins/Animation/ControlRig/Content/Controls/ControlRig_RoundedTriangle_1mm.uexp" 544
"../../../Engine/Plugins/Animation/ControlRig/Content/Controls/ControlRig_RoundedSquare_solid.ubulk" 545
"../../../Engine/Plugins/Animation/ControlRig/Content/Controls/ControlRig_RoundedSquare_solid.uasset" 546
"../../../Engine/Plugins/Animation/ControlRig/Content/Controls/ControlRig_RoundedSquare_solid.uexp" 547
"../../../Engine/Plugins/Animation/ControlRig/Content/Controls/ControlRig_RoundedSquare_3mm.ubulk" 548
"../../../Engine/Plugins/Animation/ControlRig/Content/Controls/ControlRig_RoundedSquare_3mm.uasset" 549
"../../../Engine/Plugins/Animation/ControlRig/Content/Controls/ControlRig_RoundedSquare_3mm.uexp" 550
"../../../Engine/Plugins/Animation/ControlRig/Content/Controls/ControlRig_RoundedSquare_1mm.ubulk" 551
"../../../Engine/Plugins/Animation/ControlRig/Content/Controls/ControlRig_RoundedSquare_1mm.uasset" 552
"../../../Engine/Plugins/Animation/ControlRig/Content/Controls/ControlRig_RoundedSquare_1mm.uexp" 553
"../../../Engine/Plugins/Animation/ControlRig/Content/Controls/ControlRig_QuarterCircle_solid.ubulk" 554
"../../../Engine/Plugins/Animation/ControlRig/Content/Controls/ControlRig_QuarterCircle_solid.uasset" 555
"../../../Engine/Plugins/Animation/ControlRig/Content/Controls/ControlRig_QuarterCircle_solid.uexp" 556
"../../../Engine/Plugins/Animation/ControlRig/Content/Controls/ControlRig_QuarterCircle_3mm.ubulk" 557
"../../../Engine/Plugins/Animation/ControlRig/Content/Controls/ControlRig_QuarterCircle_3mm.uasset" 558
"../../../Engine/Plugins/Animation/ControlRig/Content/Controls/ControlRig_QuarterCircle_3mm.uexp" 559
"../../../Engine/Plugins/Animation/ControlRig/Content/Controls/ControlRig_QuarterCircle_1mm.ubulk" 560
"../../../Engine/Plugins/Animation/ControlRig/Content/Controls/ControlRig_QuarterCircle_1mm.uasset" 561
"../../../Engine/Plugins/Animation/ControlRig/Content/Controls/ControlRig_QuarterCircle_1mm.uexp" 562
"../../../Engine/Plugins/Animation/ControlRig/Content/Controls/ControlRig_Pyramid_solid.ubulk" 563
"../../../Engine/Plugins/Animation/ControlRig/Content/Controls/ControlRig_Pyramid_solid.uasset" 564
"../../../Engine/Plugins/Animation/ControlRig/Content/Controls/ControlRig_Pyramid_solid.uexp" 565
"../../../Engine/Plugins/Animation/ControlRig/Content/Controls/ControlRig_Pyramid_3mm.ubulk" 566
"../../../Engine/Plugins/Animation/ControlRig/Content/Controls/ControlRig_Pyramid_3mm.uasset" 567
"../../../Engine/Plugins/Animation/ControlRig/Content/Controls/ControlRig_Pyramid_3mm.uexp" 568
"../../../Engine/Plugins/Animation/ControlRig/Content/Controls/ControlRig_Pyramid_1mm.ubulk" 569
"../../../Engine/Plugins/Animation/ControlRig/Content/Controls/ControlRig_Pyramid_1mm.uasset" 570
"../../../Engine/Plugins/Animation/ControlRig/Content/Controls/ControlRig_Pyramid_1mm.uexp" 571
"../../../Engine/Plugins/Animation/ControlRig/Content/Controls/ControlRig_Octagon_solid.ubulk" 572
"../../../Engine/Plugins/Animation/ControlRig/Content/Controls/ControlRig_Octagon_solid.uasset" 573
"../../../Engine/Plugins/Animation/ControlRig/Content/Controls/ControlRig_Octagon_solid.uexp" 574
"../../../Engine/Plugins/Animation/ControlRig/Content/Controls/ControlRig_Octagon_3mm.ubulk" 575
"../../../Engine/Plugins/Animation/ControlRig/Content/Controls/ControlRig_Octagon_3mm.uasset" 576
"../../../Engine/Plugins/Animation/ControlRig/Content/Controls/ControlRig_Octagon_3mm.uexp" 577
"../../../Engine/Plugins/Animation/ControlRig/Content/Controls/ControlRig_Octagon_1mm.ubulk" 578
"../../../Engine/Plugins/Animation/ControlRig/Content/Controls/ControlRig_Octagon_1mm.uasset" 579
"../../../Engine/Plugins/Animation/ControlRig/Content/Controls/ControlRig_Octagon_1mm.uexp" 580
"../../../Engine/Plugins/Animation/ControlRig/Content/Controls/ControlRig_Hexagon_solid.ubulk" 581
"../../../Engine/Plugins/Animation/ControlRig/Content/Controls/ControlRig_Hexagon_solid.uasset" 582
"../../../Engine/Plugins/Animation/ControlRig/Content/Controls/ControlRig_Hexagon_solid.uexp" 583
"../../../Engine/Plugins/Animation/ControlRig/Content/Controls/ControlRig_Hexagon_3mm.ubulk" 584
"../../../Engine/Plugins/Animation/ControlRig/Content/Controls/ControlRig_Hexagon_3mm.uasset" 585
"../../../Engine/Plugins/Animation/ControlRig/Content/Controls/ControlRig_Hexagon_3mm.uexp" 586
"../../../Engine/Plugins/Animation/ControlRig/Content/Controls/ControlRig_Hexagon_1mm.ubulk" 587
"../../../Engine/Plugins/Animation/ControlRig/Content/Controls/ControlRig_Hexagon_1mm.uasset" 588
"../../../Engine/Plugins/Animation/ControlRig/Content/Controls/ControlRig_Hexagon_1mm.uexp" 589
"../../../Engine/Plugins/Animation/ControlRig/Content/Controls/ControlRig_HalfCircle_solid.ubulk" 590
"../../../Engine/Plugins/Animation/ControlRig/Content/Controls/ControlRig_HalfCircle_solid.uasset" 591
"../../../Engine/Plugins/Animation/ControlRig/Content/Controls/ControlRig_HalfCircle_solid.uexp" 592
"../../../Engine/Plugins/Animation/ControlRig/Content/Controls/ControlRig_HalfCircle_3mm.ubulk" 593
"../../../Engine/Plugins/Animation/ControlRig/Content/Controls/ControlRig_HalfCircle_3mm.uasset" 594
"../../../Engine/Plugins/Animation/ControlRig/Content/Controls/ControlRig_HalfCircle_3mm.uexp" 595
"../../../Engine/Plugins/Animation/ControlRig/Content/Controls/ControlRig_HalfCircle_1mm.ubulk" 596
"../../../Engine/Plugins/Animation/ControlRig/Content/Controls/ControlRig_HalfCircle_1mm.uasset" 597
"../../../Engine/Plugins/Animation/ControlRig/Content/Controls/ControlRig_HalfCircle_1mm.uexp" 598
"../../../Engine/Plugins/Animation/ControlRig/Content/Controls/ControlRig_Diamond_solid.ubulk" 599
"../../../Engine/Plugins/Animation/ControlRig/Content/Controls/ControlRig_Diamond_solid.uasset" 600
"../../../Engine/Plugins/Animation/ControlRig/Content/Controls/ControlRig_Diamond_solid.uexp" 601
"../../../Engine/Plugins/Animation/ControlRig/Content/Controls/ControlRig_Diamond_3mm.ubulk" 602
"../../../Engine/Plugins/Animation/ControlRig/Content/Controls/ControlRig_Diamond_3mm.uasset" 603
"../../../Engine/Plugins/Animation/ControlRig/Content/Controls/ControlRig_Diamond_3mm.uexp" 604
"../../../Engine/Plugins/Animation/ControlRig/Content/Controls/ControlRig_Diamond_1mm.ubulk" 605
"../../../Engine/Plugins/Animation/ControlRig/Content/Controls/ControlRig_Diamond_1mm.uasset" 606
"../../../Engine/Plugins/Animation/ControlRig/Content/Controls/ControlRig_Diamond_1mm.uexp" 607
"../../../Engine/Plugins/Animation/ControlRig/Content/Controls/ControlRig_Circle_solid.ubulk" 608
"../../../Engine/Plugins/Animation/ControlRig/Content/Controls/ControlRig_Circle_solid.uasset" 609
"../../../Engine/Plugins/Animation/ControlRig/Content/Controls/ControlRig_Circle_solid.uexp" 610
"../../../Engine/Plugins/Animation/ControlRig/Content/Controls/ControlRig_Circle_3mm.ubulk" 611
"../../../Engine/Plugins/Animation/ControlRig/Content/Controls/ControlRig_Circle_3mm.uasset" 612
"../../../Engine/Plugins/Animation/ControlRig/Content/Controls/ControlRig_Circle_3mm.uexp" 613
"../../../Engine/Plugins/Animation/ControlRig/Content/Controls/ControlRig_Circle_1mm.ubulk" 614
"../../../Engine/Plugins/Animation/ControlRig/Content/Controls/ControlRig_Circle_1mm.uasset" 615
"../../../Engine/Plugins/Animation/ControlRig/Content/Controls/ControlRig_Circle_1mm.uexp" 616
"../../../Engine/Plugins/Animation/ControlRig/Content/Controls/ControlRig_Box_solid.ubulk" 617
"../../../Engine/Plugins/Animation/ControlRig/Content/Controls/ControlRig_Box_solid.uasset" 618
"../../../Engine/Plugins/Animation/ControlRig/Content/Controls/ControlRig_Box_solid.uexp" 619
"../../../Engine/Plugins/Animation/ControlRig/Content/Controls/ControlRig_Box_3mm.ubulk" 620
"../../../Engine/Plugins/Animation/ControlRig/Content/Controls/ControlRig_Box_3mm.uasset" 621
"../../../Engine/Plugins/Animation/ControlRig/Content/Controls/ControlRig_Box_3mm.uexp" 622
"../../../Engine/Plugins/Animation/ControlRig/Content/Controls/ControlRig_Box_1mm.ubulk" 623
"../../../Engine/Plugins/Animation/ControlRig/Content/Controls/ControlRig_Box_1mm.uasset" 624
"../../../Engine/Plugins/Animation/ControlRig/Content/Controls/ControlRig_Box_1mm.uexp" 625
"../../../Engine/Plugins/Animation/ControlRig/Content/Controls/ControlRig_Arrow_solid.ubulk" 626
"../../../Engine/Plugins/Animation/ControlRig/Content/Controls/ControlRig_Arrow_solid.uasset" 627
"../../../Engine/Plugins/Animation/ControlRig/Content/Controls/ControlRig_Arrow_solid.uexp" 628
"../../../Engine/Plugins/Animation/ControlRig/Content/Controls/ControlRig_Arrow_3mm.ubulk" 629
"../../../Engine/Plugins/Animation/ControlRig/Content/Controls/ControlRig_Arrow_3mm.uasset" 630
"../../../Engine/Plugins/Animation/ControlRig/Content/Controls/ControlRig_Arrow_3mm.uexp" 631
"../../../Engine/Plugins/Animation/ControlRig/Content/Controls/ControlRig_Arrow_1mm.ubulk" 632
"../../../Engine/Plugins/Animation/ControlRig/Content/Controls/ControlRig_Arrow_1mm.uasset" 633
"../../../Engine/Plugins/Animation/ControlRig/Content/Controls/ControlRig_Arrow_1mm.uexp" 634
"../../../Engine/Plugins/Animation/ControlRig/Content/Controls/ControlRig_Arrow4_solid.ubulk" 635
"../../../Engine/Plugins/Animation/ControlRig/Content/Controls/ControlRig_Arrow4_solid.uasset" 636
"../../../Engine/Plugins/Animation/ControlRig/Content/Controls/ControlRig_Arrow4_solid.uexp" 637
"../../../Engine/Plugins/Animation/ControlRig/Content/Controls/ControlRig_Arrow4_3mm.ubulk" 638
"../../../Engine/Plugins/Animation/ControlRig/Content/Controls/ControlRig_Arrow4_3mm.uasset" 639
"../../../Engine/Plugins/Animation/ControlRig/Content/Controls/ControlRig_Arrow4_3mm.uexp" 640
"../../../Engine/Plugins/Animation/ControlRig/Content/Controls/ControlRig_Arrow4_1mm.ubulk" 641
"../../../Engine/Plugins/Animation/ControlRig/Content/Controls/ControlRig_Arrow4_1mm.uasset" 642
"../../../Engine/Plugins/Animation/ControlRig/Content/Controls/ControlRig_Arrow4_1mm.uexp" 643
"../../../Engine/Plugins/Animation/ControlRig/Content/Controls/ControlRig_Arrow2_solid.ubulk" 644
"../../../Engine/Plugins/Animation/ControlRig/Content/Controls/ControlRig_Arrow2_solid.uasset" 645
"../../../Engine/Plugins/Animation/ControlRig/Content/Controls/ControlRig_Arrow2_solid.uexp" 646
"../../../Engine/Plugins/Animation/ControlRig/Content/Controls/ControlRig_Arrow2_3mm.ubulk" 647
"../../../Engine/Plugins/Animation/ControlRig/Content/Controls/ControlRig_Arrow2_3mm.uasset" 648
"../../../Engine/Plugins/Animation/ControlRig/Content/Controls/ControlRig_Arrow2_3mm.uexp" 649
"../../../Engine/Plugins/Animation/ControlRig/Content/Controls/ControlRig_Arrow2_1mm.ubulk" 650
"../../../Engine/Plugins/Animation/ControlRig/Content/Controls/ControlRig_Arrow2_1mm.uasset" 651
"../../../Engine/Plugins/Animation/ControlRig/Content/Controls/ControlRig_Arrow2_1mm.uexp" 652
"../../../Engine/Plugins/Animation/ControlRig/Content/Controls/ControlRigGizmoMaterial.uasset" 653
"../../../Engine/Plugins/Animation/ControlRig/Content/Controls/ControlRigGizmoMaterial.uexp" 654
"../../../Engine/Plugins/Editor/SpeedTreeImporter/Content/SpeedTree9/game_wind_noise.ubulk" 655
"../../../Engine/Plugins/Editor/SpeedTreeImporter/Content/SpeedTree9/game_wind_noise.uasset" 656
"../../../Engine/Plugins/Editor/SpeedTreeImporter/Content/SpeedTree9/game_wind_noise.uexp" 657
"../../../Engine/Plugins/Editor/SpeedTreeImporter/Content/SpeedTree9/UnpackDirection.uasset" 658
"../../../Engine/Plugins/Editor/SpeedTreeImporter/Content/SpeedTree9/UnpackDirection.uexp" 659
"../../../Engine/Content/Functions/Engine_MaterialFunctions02/ObjectLocalBounds.uasset" 660
"../../../Engine/Content/Functions/Engine_MaterialFunctions02/ObjectLocalBounds.uexp" 661
"../../../Engine/Content/Functions/Engine_MaterialFunctions02/UVs/BoundingBoxBased_0-1_UVW.uasset" 662
"../../../Engine/Content/Functions/Engine_MaterialFunctions02/UVs/BoundingBoxBased_0-1_UVW.uexp" 663
"../../../Engine/Content/Functions/Engine_MaterialFunctions02/Utility/VectorLength.uasset" 664
"../../../Engine/Content/Functions/Engine_MaterialFunctions02/Utility/VectorLength.uexp" 665
"../../../Engine/Plugins/Editor/SpeedTreeImporter/Content/SpeedTree9/UnpackInteger3.uasset" 666
"../../../Engine/Plugins/Editor/SpeedTreeImporter/Content/SpeedTree9/UnpackInteger3.uexp" 667
"../../../Engine/Plugins/Editor/SpeedTreeImporter/Content/SpeedTree9/SpeedTreeCameraFacing.uasset" 668
"../../../Engine/Plugins/Editor/SpeedTreeImporter/Content/SpeedTree9/SpeedTreeCameraFacing.uexp" 669
"../../../Engine/Content/Functions/Engine_MaterialFunctions02/WorldPositionOffset/ObjectScale.uasset" 670
"../../../Engine/Content/Functions/Engine_MaterialFunctions02/WorldPositionOffset/ObjectScale.uexp" 671
"../../../Engine/Content/Functions/Engine_MaterialFunctions02/SafeNormalize.uasset" 672
"../../../Engine/Content/Functions/Engine_MaterialFunctions02/SafeNormalize.uexp" 673
"../../../Engine/Plugins/Editor/SpeedTreeImporter/Content/SpeedTree9/SpeedTreeWindMotion.uasset" 674
"../../../Engine/Plugins/Editor/SpeedTreeImporter/Content/SpeedTree9/SpeedTreeWindMotion.uexp" 675
"../../../Engine/Plugins/Editor/SpeedTreeImporter/Content/SpeedTree9/SpeedTreeBranchMotion.uasset" 676
"../../../Engine/Plugins/Editor/SpeedTreeImporter/Content/SpeedTree9/SpeedTreeBranchMotion.uexp" 677
"../../../Engine/Plugins/Editor/SpeedTreeImporter/Content/SpeedTree9/SpeedTreeWind.uasset" 678
"../../../Engine/Plugins/Editor/SpeedTreeImporter/Content/SpeedTree9/SpeedTreeWind.uexp" 679
"../../../Engine/Plugins/Editor/SpeedTreeImporter/Content/SpeedTree9/EmptyNormal.uasset" 680
"../../../Engine/Plugins/Editor/SpeedTreeImporter/Content/SpeedTree9/EmptyNormal.uexp" 681
"../../../Engine/Plugins/Editor/SpeedTreeImporter/Content/SpeedTree9/Empty.uasset" 682
"../../../Engine/Plugins/Editor/SpeedTreeImporter/Content/SpeedTree9/Empty.uexp" 683
"../../../Engine/Plugins/Editor/SpeedTreeImporter/Content/SpeedTree9/SpeedTreeMaster.uasset" 684
"../../../Engine/Plugins/Editor/SpeedTreeImporter/Content/SpeedTree9/SpeedTreeMaster.uexp" 685
"../../../Engine/Plugins/Editor/SpeedTreeImporter/Content/SpeedTree9/SpeedTreeBillboard.uasset" 686
"../../../Engine/Plugins/Editor/SpeedTreeImporter/Content/SpeedTree9/SpeedTreeBillboard.uexp" 687
"../../../Engine/Plugins/Editor/SpeedTreeImporter/Content/SpeedTree9/SpeedTreeBillboardMaster.uasset" 688
"../../../Engine/Plugins/Editor/SpeedTreeImporter/Content/SpeedTree9/SpeedTreeBillboardMaster.uexp" 689
"../../../Engine/Plugins/Runtime/HairStrands/Content/Materials/HairMeshesDefaultMaterial.uasset" 690
"../../../Engine/Plugins/Runtime/HairStrands/Content/Materials/HairMeshesDefaultMaterial.uexp" 691
"../../../Engine/Plugins/Runtime/HairStrands/Content/Materials/HairDefaultMaterial.uasset" 692
"../../../Engine/Plugins/Runtime/HairStrands/Content/Materials/HairDefaultMaterial.uexp" 693
"../../../Engine/Plugins/Runtime/HairStrands/Content/Materials/HairGroupColors.uasset" 694
"../../../Engine/Plugins/Runtime/HairStrands/Content/Materials/HairGroupColors.uexp" 695
"../../../Engine/Content/EngineMaterials/HairColorMap.uasset" 696
"../../../Engine/Content/EngineMaterials/HairColorMap.uexp" 697
"../../../Engine/Content/EngineMaterials/HairDebugColor.uasset" 698
"../../../Engine/Content/EngineMaterials/HairDebugColor.uexp" 699
"../../../Engine/Plugins/Runtime/HairStrands/Content/Materials/HairDebugMaterial.uasset" 700
"../../../Engine/Plugins/Runtime/HairStrands/Content/Materials/HairDebugMaterial.uexp" 701
"../../../Engine/Plugins/Runtime/HairStrands/Content/Materials/HairCardsDefaultMaterial.uasset" 702
"../../../Engine/Plugins/Runtime/HairStrands/Content/Materials/HairCardsDefaultMaterial.uexp" 703
"F:/Unreal Engine Projects/Group23 Git/Group23/Content/Temp_Textures/Textures/Untitled-1__8__copy.uasset" 704
"F:/Unreal Engine Projects/Group23 Git/Group23/Content/Temp_Textures/Textures/Untitled-1__8__copy.uexp" 705
"F:/Unreal Engine Projects/Group23 Git/Group23/Content/UI/WBP_Instructions.uasset" 706
"F:/Unreal Engine Projects/Group23 Git/Group23/Content/UI/WBP_Instructions.uexp" 707
"F:/Unreal Engine Projects/Group23 Git/Group23/Content/UI/WBP_MainMenu.uasset" 708
"F:/Unreal Engine Projects/Group23 Git/Group23/Content/UI/WBP_MainMenu.uexp" 709
"F:/Unreal Engine Projects/Group23 Git/Group23/Content/Levels/Main-Menu.uexp" 710
"F:/Unreal Engine Projects/Group23 Git/Group23/Content/Levels/Main-Menu.umap" 711
"F:/Unreal Engine Projects/Group23 Git/Group23/Content/Levels/BaseLevel_HLOD0_Instancing.uasset" 712
"F:/Unreal Engine Projects/Group23 Git/Group23/Content/Levels/BaseLevel_HLOD0_Instancing.uexp" 713
"F:/Unreal Engine Projects/Group23 Git/Group23/Content/Levels/BaseLevel.uexp" 714
"F:/Unreal Engine Projects/Group23 Git/Group23/Content/Levels/BaseLevel.ubulk" 715
"F:/Unreal Engine Projects/Group23 Git/Group23/Content/Levels/BaseLevel.umap" 716
"../../../Engine/Content/Maps/Entry_BuiltData.uasset" 717
"../../../Engine/Content/Maps/Entry_BuiltData.uexp" 718
"../../../Engine/Content/Maps/Entry.uexp" 719
"../../../Engine/Content/Maps/Entry.umap" 720
"F:/Unreal Engine Projects/Group23 Git/Group23/Content/Levels/BaseLevel/_Generated_/BaseLevel_MainGrid_L0_X-1_Y0_DL0.uexp" 721
"F:/Unreal Engine Projects/Group23 Git/Group23/Content/Levels/BaseLevel/_Generated_/BaseLevel_MainGrid_L0_X-1_Y0_DL0.umap" 722
"F:/Unreal Engine Projects/Group23 Git/Group23/Content/Levels/BaseLevel/_Generated_/BaseLevel_MainGrid_L1_X-1_Y-2_DL0.uexp" 723
"F:/Unreal Engine Projects/Group23 Git/Group23/Content/Levels/BaseLevel/_Generated_/BaseLevel_MainGrid_L1_X-1_Y-2_DL0.ubulk" 724
"F:/Unreal Engine Projects/Group23 Git/Group23/Content/Levels/BaseLevel/_Generated_/BaseLevel_MainGrid_L1_X-1_Y-2_DL0.umap" 725
"F:/Unreal Engine Projects/Group23 Git/Group23/Content/Levels/BaseLevel/_Generated_/BaseLevel_MainGrid_L1_X0_Y1_DL0.uexp" 726
"F:/Unreal Engine Projects/Group23 Git/Group23/Content/Levels/BaseLevel/_Generated_/BaseLevel_MainGrid_L1_X0_Y1_DL0.ubulk" 727
"F:/Unreal Engine Projects/Group23 Git/Group23/Content/Levels/BaseLevel/_Generated_/BaseLevel_MainGrid_L1_X0_Y1_DL0.umap" 728
"F:/Unreal Engine Projects/Group23 Git/Group23/Content/Levels/BaseLevel/_Generated_/BaseLevel_MainGrid_L0_X0_Y0_DL0.uexp" 729
"F:/Unreal Engine Projects/Group23 Git/Group23/Content/Levels/BaseLevel/_Generated_/BaseLevel_MainGrid_L0_X0_Y0_DL0.ubulk" 730
"F:/Unreal Engine Projects/Group23 Git/Group23/Content/Levels/BaseLevel/_Generated_/BaseLevel_MainGrid_L0_X0_Y0_DL0.umap" 731
"F:/Unreal Engine Projects/Group23 Git/Group23/Content/Levels/BaseLevel/_Generated_/BaseLevel_MainGrid_L1_X-2_Y-1_DL0.uexp" 732
"F:/Unreal Engine Projects/Group23 Git/Group23/Content/Levels/BaseLevel/_Generated_/BaseLevel_MainGrid_L1_X-2_Y-1_DL0.ubulk" 733
"F:/Unreal Engine Projects/Group23 Git/Group23/Content/Levels/BaseLevel/_Generated_/BaseLevel_MainGrid_L1_X-2_Y-1_DL0.umap" 734
"F:/Unreal Engine Projects/Group23 Git/Group23/Content/Levels/BaseLevel/_Generated_/BaseLevel_MainGrid_L1_X-2_Y0_DL0.uexp" 735
"F:/Unreal Engine Projects/Group23 Git/Group23/Content/Levels/BaseLevel/_Generated_/BaseLevel_MainGrid_L1_X-2_Y0_DL0.ubulk" 736
"F:/Unreal Engine Projects/Group23 Git/Group23/Content/Levels/BaseLevel/_Generated_/BaseLevel_MainGrid_L1_X-2_Y0_DL0.umap" 737
"F:/Unreal Engine Projects/Group23 Git/Group23/Content/Levels/BaseLevel/_Generated_/BaseLevel_MainGrid_L1_X0_Y-1_DL0.uexp" 738
"F:/Unreal Engine Projects/Group23 Git/Group23/Content/Levels/BaseLevel/_Generated_/BaseLevel_MainGrid_L1_X0_Y-1_DL0.ubulk" 739
"F:/Unreal Engine Projects/Group23 Git/Group23/Content/Levels/BaseLevel/_Generated_/BaseLevel_MainGrid_L1_X0_Y-1_DL0.umap" 740
"F:/Unreal Engine Projects/Group23 Git/Group23/Content/Levels/BaseLevel/_Generated_/BaseLevel_MainGrid_L1_X0_Y0_DL0.uexp" 741
"F:/Unreal Engine Projects/Group23 Git/Group23/Content/Levels/BaseLevel/_Generated_/BaseLevel_MainGrid_L1_X0_Y0_DL0.ubulk" 742
"F:/Unreal Engine Projects/Group23 Git/Group23/Content/Levels/BaseLevel/_Generated_/BaseLevel_MainGrid_L1_X0_Y0_DL0.umap" 743
"F:/Unreal Engine Projects/Group23 Git/Group23/Content/Levels/BaseLevel/_Generated_/BaseLevel_MainGrid_L1_X0_Y-2_DL0.uexp" 744
"F:/Unreal Engine Projects/Group23 Git/Group23/Content/Levels/BaseLevel/_Generated_/BaseLevel_MainGrid_L1_X0_Y-2_DL0.ubulk" 745
"F:/Unreal Engine Projects/Group23 Git/Group23/Content/Levels/BaseLevel/_Generated_/BaseLevel_MainGrid_L1_X0_Y-2_DL0.umap" 746
"F:/Unreal Engine Projects/Group23 Git/Group23/Content/Levels/BaseLevel/_Generated_/BaseLevel_MainGrid_L2_X0_Y-1_DL0.uexp" 747
"F:/Unreal Engine Projects/Group23 Git/Group23/Content/Levels/BaseLevel/_Generated_/BaseLevel_MainGrid_L2_X0_Y-1_DL0.ubulk" 748
"F:/Unreal Engine Projects/Group23 Git/Group23/Content/Levels/BaseLevel/_Generated_/BaseLevel_MainGrid_L2_X0_Y-1_DL0.umap" 749
"F:/Unreal Engine Projects/Group23 Git/Group23/Content/Levels/BaseLevel/_Generated_/BaseLevel_MainGrid_L1_X-1_Y0_DL0.uexp" 750
"F:/Unreal Engine Projects/Group23 Git/Group23/Content/Levels/BaseLevel/_Generated_/BaseLevel_MainGrid_L1_X-1_Y0_DL0.ubulk" 751
"F:/Unreal Engine Projects/Group23 Git/Group23/Content/Levels/BaseLevel/_Generated_/BaseLevel_MainGrid_L1_X-1_Y0_DL0.umap" 752
"F:/Unreal Engine Projects/Group23 Git/Group23/Content/Levels/BaseLevel/_Generated_/BaseLevel_MainGrid_L1_X1_Y0_DL0.uexp" 753
"F:/Unreal Engine Projects/Group23 Git/Group23/Content/Levels/BaseLevel/_Generated_/BaseLevel_MainGrid_L1_X1_Y0_DL0.ubulk" 754
"F:/Unreal Engine Projects/Group23 Git/Group23/Content/Levels/BaseLevel/_Generated_/BaseLevel_MainGrid_L1_X1_Y0_DL0.umap" 755
"F:/Unreal Engine Projects/Group23 Git/Group23/Content/Levels/BaseLevel/_Generated_/BaseLevel_MainGrid_L1_X1_Y-1_DL0.uexp" 756
"F:/Unreal Engine Projects/Group23 Git/Group23/Content/Levels/BaseLevel/_Generated_/BaseLevel_MainGrid_L1_X1_Y-1_DL0.ubulk" 757
"F:/Unreal Engine Projects/Group23 Git/Group23/Content/Levels/BaseLevel/_Generated_/BaseLevel_MainGrid_L1_X1_Y-1_DL0.umap" 758
"F:/Unreal Engine Projects/Group23 Git/Group23/Content/Levels/BaseLevel/_Generated_/BaseLevel_MainGrid_L1_X1_Y1_DL0.uexp" 759
"F:/Unreal Engine Projects/Group23 Git/Group23/Content/Levels/BaseLevel/_Generated_/BaseLevel_MainGrid_L1_X1_Y1_DL0.ubulk" 760
"F:/Unreal Engine Projects/Group23 Git/Group23/Content/Levels/BaseLevel/_Generated_/BaseLevel_MainGrid_L1_X1_Y1_DL0.umap" 761
"F:/Unreal Engine Projects/Group23 Git/Group23/Content/Levels/BaseLevel/_Generated_/BaseLevel_MainGrid_L1_X-2_Y-2_DL0.uexp" 762
"F:/Unreal Engine Projects/Group23 Git/Group23/Content/Levels/BaseLevel/_Generated_/BaseLevel_MainGrid_L1_X-2_Y-2_DL0.ubulk" 763
"F:/Unreal Engine Projects/Group23 Git/Group23/Content/Levels/BaseLevel/_Generated_/BaseLevel_MainGrid_L1_X-2_Y-2_DL0.umap" 764
"F:/Unreal Engine Projects/Group23 Git/Group23/Content/Levels/BaseLevel/_Generated_/BaseLevel_MainGrid_L1_X1_Y-2_DL0.uexp" 765
"F:/Unreal Engine Projects/Group23 Git/Group23/Content/Levels/BaseLevel/_Generated_/BaseLevel_MainGrid_L1_X1_Y-2_DL0.ubulk" 766
"F:/Unreal Engine Projects/Group23 Git/Group23/Content/Levels/BaseLevel/_Generated_/BaseLevel_MainGrid_L1_X1_Y-2_DL0.umap" 767
"F:/Unreal Engine Projects/Group23 Git/Group23/Content/Levels/BaseLevel/_Generated_/BaseLevel_MainGrid_L2_X0_Y0_DL0.uexp" 768
"F:/Unreal Engine Projects/Group23 Git/Group23/Content/Levels/BaseLevel/_Generated_/BaseLevel_MainGrid_L2_X0_Y0_DL0.ubulk" 769
"F:/Unreal Engine Projects/Group23 Git/Group23/Content/Levels/BaseLevel/_Generated_/BaseLevel_MainGrid_L2_X0_Y0_DL0.umap" 770
"F:/Unreal Engine Projects/Group23 Git/Group23/Content/Levels/BaseLevel/_Generated_/BaseLevel_MainGrid_L1_X-1_Y-1_DL0.uexp" 771
"F:/Unreal Engine Projects/Group23 Git/Group23/Content/Levels/BaseLevel/_Generated_/BaseLevel_MainGrid_L1_X-1_Y-1_DL0.ubulk" 772
"F:/Unreal Engine Projects/Group23 Git/Group23/Content/Levels/BaseLevel/_Generated_/BaseLevel_MainGrid_L1_X-1_Y-1_DL0.umap" 773
"F:/Unreal Engine Projects/Group23 Git/Group23/Content/Levels/BaseLevel/_Generated_/BaseLevel_MainGrid_L1_X-1_Y1_DL0.uexp" 774
"F:/Unreal Engine Projects/Group23 Git/Group23/Content/Levels/BaseLevel/_Generated_/BaseLevel_MainGrid_L1_X-1_Y1_DL0.ubulk" 775
"F:/Unreal Engine Projects/Group23 Git/Group23/Content/Levels/BaseLevel/_Generated_/BaseLevel_MainGrid_L1_X-1_Y1_DL0.umap" 776
"F:/Unreal Engine Projects/Group23 Git/Group23/Content/Levels/BaseLevel/_Generated_/BaseLevel_MainGrid_L2_X-1_Y0_DL0.uexp" 777
"F:/Unreal Engine Projects/Group23 Git/Group23/Content/Levels/BaseLevel/_Generated_/BaseLevel_MainGrid_L2_X-1_Y0_DL0.ubulk" 778
"F:/Unreal Engine Projects/Group23 Git/Group23/Content/Levels/BaseLevel/_Generated_/BaseLevel_MainGrid_L2_X-1_Y0_DL0.umap" 779
"F:/Unreal Engine Projects/Group23 Git/Group23/Content/Levels/BaseLevel/_Generated_/BaseLevel_MainGrid_L1_X-2_Y1_DL0.uexp" 780
"F:/Unreal Engine Projects/Group23 Git/Group23/Content/Levels/BaseLevel/_Generated_/BaseLevel_MainGrid_L1_X-2_Y1_DL0.ubulk" 781
"F:/Unreal Engine Projects/Group23 Git/Group23/Content/Levels/BaseLevel/_Generated_/BaseLevel_MainGrid_L1_X-2_Y1_DL0.umap" 782
"F:/Unreal Engine Projects/Group23 Git/Group23/Content/Levels/BaseLevel/_Generated_/BaseLevel_MainGrid_L2_X-1_Y-1_DL0.uexp" 783
"F:/Unreal Engine Projects/Group23 Git/Group23/Content/Levels/BaseLevel/_Generated_/BaseLevel_MainGrid_L2_X-1_Y-1_DL0.ubulk" 784
"F:/Unreal Engine Projects/Group23 Git/Group23/Content/Levels/BaseLevel/_Generated_/BaseLevel_MainGrid_L2_X-1_Y-1_DL0.umap" 785
